[0m10:27:18.201337 [debug] [MainThread]: Sending event: {'category': 'dbt', 'action': 'invocation', 'label': 'start', 'context': [<snowplow_tracker.self_describing_json.SelfDescribingJson object at 0x10a602d30>, <snowplow_tracker.self_describing_json.SelfDescribingJson object at 0x10b645280>, <snowplow_tracker.self_describing_json.SelfDescribingJson object at 0x10b6455b0>]}


============================== 10:27:18.203860 | 37456416-65e0-4050-8435-5445601ea307 ==============================
[0m10:27:18.203860 [info ] [MainThread]: Running with dbt=1.10.20
[0m10:27:18.204129 [debug] [MainThread]: running dbt with arguments {'invocation_command': 'dbt init observatorio --skip-profile-setup', 'version_check': 'True', 'log_path': 'logs', 'fail_fast': 'False', 'send_anonymous_usage_stats': 'True', 'use_experimental_parser': 'False', 'static_parser': 'True', 'partial_parse': 'True', 'warn_error_options': 'WarnErrorOptionsV2(error=[], warn=[], silence=[])', 'log_cache_events': 'False', 'target_path': 'None', 'log_format': 'default', 'write_json': 'True', 'indirect_selection': 'eager', 'cache_selected_only': 'False', 'empty': 'None', 'no_print': 'None', 'debug': 'False', 'introspect': 'True', 'printer_width': '80', 'use_colors': 'True', 'quiet': 'False', 'profiles_dir': '/Users/diegocarralbal/.dbt', 'warn_error': 'None'}
[0m10:27:18.210896 [info ] [MainThread]: Creating dbt configuration folder at /Users/diegocarralbal/.dbt
[0m10:27:18.211736 [debug] [MainThread]: Starter project path: /Users/diegocarralbal/observatorio-turismo/.venv/lib/python3.9/site-packages/dbt/include/starter_project
[0m10:27:18.215074 [info ] [MainThread]: 
Your new dbt project "observatorio" was created!

For more information on how to configure the profiles.yml file,
please consult the dbt documentation here:

  https://docs.getdbt.com/docs/configure-your-profile

One more thing:

Need help? Don't hesitate to reach out to us via GitHub issues or on Slack:

  https://community.getdbt.com/

Happy modeling!

[0m10:27:18.224418 [debug] [MainThread]: Resource report: {"command_name": "init", "command_success": true, "command_wall_clock_time": 0.06326621, "process_in_blocks": "0", "process_kernel_time": 0.157819, "process_mem_max_rss": "105775104", "process_out_blocks": "0", "process_user_time": 0.818824}
[0m10:27:18.224615 [debug] [MainThread]: Command `dbt init` succeeded at 10:27:18.224571 after 0.06 seconds
[0m10:27:18.224774 [debug] [MainThread]: Sending event: {'category': 'dbt', 'action': 'invocation', 'label': 'end', 'context': [<snowplow_tracker.self_describing_json.SelfDescribingJson object at 0x10a602d30>, <snowplow_tracker.self_describing_json.SelfDescribingJson object at 0x10b624310>, <snowplow_tracker.self_describing_json.SelfDescribingJson object at 0x10b6245e0>]}
[0m10:27:18.224934 [debug] [MainThread]: Flushing usage events
[0m10:27:18.984713 [debug] [MainThread]: An error was encountered while trying to flush usage events
