=== INICIO Wed May  6 03:00:00 -03 2026 ===
/Users/diegocarralbal/observatorio-turismo/.venv/lib/python3.9/site-packages/urllib3/__init__.py:35: NotOpenSSLWarning: urllib3 v2 only supports OpenSSL 1.1.1+, currently the 'ssl' module is compiled with 'LibreSSL 2.8.3'. See: https://github.com/urllib3/urllib3/issues/3020
  warnings.warn(
2026-05-06 03:00:04.934 | INFO     | __main__:fetch_trends:42 - Descargando Google Trends — un término a la vez...
2026-05-06 03:00:05.896 | INFO     | __main__:fetch_trends:47 -   [1/3] Termas de Río Hondo
2026-05-06 03:00:05.897 | WARNING  | __main__:fetch_term:36 -   Error intento 1: __init__() got an unexpected keyword argument 'method_whitelist' — esperando 57s
2026-05-06 03:01:03.005 | WARNING  | __main__:fetch_term:36 -   Error intento 2: __init__() got an unexpected keyword argument 'method_whitelist' — esperando 88s
2026-05-06 03:02:31.154 | WARNING  | __main__:fetch_term:36 -   Error intento 3: __init__() got an unexpected keyword argument 'method_whitelist' — esperando 130s
2026-05-06 03:04:41.181 | WARNING  | __main__:fetch_term:36 -   Error intento 4: __init__() got an unexpected keyword argument 'method_whitelist' — esperando 264s
2026-05-06 03:09:05.191 | WARNING  | __main__:fetch_term:36 -   Error intento 5: __init__() got an unexpected keyword argument 'method_whitelist' — esperando 506s
2026-05-06 03:17:31.340 | ERROR    | __main__:fetch_term:38 -   Falló tras 5 intentos: Termas de Río Hondo
2026-05-06 03:17:31.342 | INFO     | __main__:fetch_trends:53 -   Pausa 52s antes del próximo término...
2026-05-06 03:18:23.488 | INFO     | __main__:fetch_trends:47 -   [2/3] Santiago del Estero turismo
2026-05-06 03:18:23.489 | WARNING  | __main__:fetch_term:36 -   Error intento 1: __init__() got an unexpected keyword argument 'method_whitelist' — esperando 59s
2026-05-06 03:19:22.513 | WARNING  | __main__:fetch_term:36 -   Error intento 2: __init__() got an unexpected keyword argument 'method_whitelist' — esperando 79s
2026-05-06 03:20:41.531 | WARNING  | __main__:fetch_term:36 -   Error intento 3: __init__() got an unexpected keyword argument 'method_whitelist' — esperando 142s
2026-05-06 03:23:03.682 | WARNING  | __main__:fetch_term:36 -   Error intento 4: __init__() got an unexpected keyword argument 'method_whitelist' — esperando 250s
2026-05-06 03:27:13.713 | WARNING  | __main__:fetch_term:36 -   Error intento 5: __init__() got an unexpected keyword argument 'method_whitelist' — esperando 507s
2026-05-06 03:35:40.837 | ERROR    | __main__:fetch_term:38 -   Falló tras 5 intentos: Santiago del Estero turismo
2026-05-06 03:35:40.838 | INFO     | __main__:fetch_trends:53 -   Pausa 77s antes del próximo término...
2026-05-06 03:36:57.960 | INFO     | __main__:fetch_trends:47 -   [3/3] MotoGP Argentina
2026-05-06 03:36:57.961 | WARNING  | __main__:fetch_term:36 -   Error intento 1: __init__() got an unexpected keyword argument 'method_whitelist' — esperando 45s
2026-05-06 03:37:43.099 | WARNING  | __main__:fetch_term:36 -   Error intento 2: __init__() got an unexpected keyword argument 'method_whitelist' — esperando 71s
2026-05-06 03:38:54.213 | WARNING  | __main__:fetch_term:36 -   Error intento 3: __init__() got an unexpected keyword argument 'method_whitelist' — esperando 147s
2026-05-06 03:41:21.356 | WARNING  | __main__:fetch_term:36 -   Error intento 4: __init__() got an unexpected keyword argument 'method_whitelist' — esperando 251s
2026-05-06 03:45:32.470 | WARNING  | __main__:fetch_term:36 -   Error intento 5: __init__() got an unexpected keyword argument 'method_whitelist' — esperando 497s
2026-05-06 03:53:49.592 | ERROR    | __main__:fetch_term:38 -   Falló tras 5 intentos: MotoGP Argentina
2026-05-06 03:53:49.593 | ERROR    | __main__:fetch_trends:57 - No se pudo obtener ningún término
2026-05-06 03:53:50.667 | INFO     | __main__:fetch_anac_sde:13 - Descargando microdatos ANAC (puede tardar)...
2026-05-06 03:54:59.071 | SUCCESS  | __main__:fetch_anac_sde:39 - DuckDB: raw_anac_sde → 12629 filas
2026-05-06 03:54:59.072 | INFO     | __main__:fetch_anac_sde:40 - Período: 2017-01-01 00:00:00 → 2026-03-31 00:00:00
indice_tiempo
2017    259904
2018    143223
2019    153825
2020     26826
2021     77288
2022    197365
2023    249387
2024    227580
2025    242599
2026     47896
Name: pasajeros, dtype: int64
/Users/diegocarralbal/observatorio-turismo/.venv/lib/python3.9/site-packages/urllib3/__init__.py:35: NotOpenSSLWarning: urllib3 v2 only supports OpenSSL 1.1.1+, currently the 'ssl' module is compiled with 'LibreSSL 2.8.3'. See: https://github.com/urllib3/urllib3/issues/3020
  warnings.warn(
2026-05-06 03:55:00.143 | INFO     | __main__:fetch_bcra_fx:12 - Descargando tipo de cambio BCRA...
2026-05-06 03:55:01.369 | SUCCESS  | __main__:fetch_bcra_fx:44 - DuckDB: raw_bcra_tcn → 137 meses · último: 1423.2 ARS/USD (2026-03)
         fecha      tcn_usd
131 2025-10-01  1463.387097
132 2025-11-01  1453.666667
133 2025-12-01  1471.129032
134 2026-01-01  1472.741935
135 2026-02-01  1427.142857
136 2026-03-01  1423.235294
/Users/diegocarralbal/observatorio-turismo/.venv/lib/python3.9/site-packages/urllib3/__init__.py:35: NotOpenSSLWarning: urllib3 v2 only supports OpenSSL 1.1.1+, currently the 'ssl' module is compiled with 'LibreSSL 2.8.3'. See: https://github.com/urllib3/urllib3/issues/3020
  warnings.warn(
2026-05-06 03:55:02.407 | INFO     | __main__:fetch_airroi:44 - Descargando AirROI — Termas de Río Hondo...
2026-05-06 03:55:06.141 | SUCCESS  | __main__:fetch_airroi:57 -   occ → 36 meses · ['fecha', 'occ_avg', 'occ_p25', 'occ_p50', 'occ_p75', 'occ_p90']
2026-05-06 03:55:09.571 | SUCCESS  | __main__:fetch_airroi:57 -   adr → 36 meses · ['fecha', 'adr_avg', 'adr_p25', 'adr_p50', 'adr_p75', 'adr_p90']
2026-05-06 03:55:12.036 | SUCCESS  | __main__:fetch_airroi:57 -   los → 36 meses · ['fecha', 'los_avg', 'los_p25', 'los_p50', 'los_p75', 'los_p90']
2026-05-06 03:55:14.486 | SUCCESS  | __main__:fetch_airroi:57 -   rev → 36 meses · ['fecha', 'rev_avg', 'rev_p25', 'rev_p50', 'rev_p75', 'rev_p90']
2026-05-06 03:55:16.943 | SUCCESS  | __main__:fetch_airroi:57 -   listings → 36 meses · ['fecha', 'listings_count']
2026-05-06 03:55:17.117 | SUCCESS  | __main__:fetch_airroi:87 - DuckDB: raw_airroi_termas → 36 meses

Columnas: ['fecha', 'occ_avg', 'occ_p25', 'occ_p50', 'occ_p75', 'occ_p90', 'adr_avg', 'adr_p25', 'adr_p50', 'adr_p75', 'adr_p90', 'los_avg', 'los_p25', 'los_p50', 'los_p75', 'los_p90', 'rev_avg', 'rev_p25', 'rev_p50', 'rev_p75', 'rev_p90', 'listings_count', 'mercado']
Período: 2023-05 → 2026-04
        fecha  occ_avg   adr_avg  los_avg
28 2025-09-01     0.29   91158.4      5.4
29 2025-10-01     0.28   54120.3      2.0
30 2025-11-01     0.21   49092.3      1.8
31 2025-12-01     0.09   74051.3      2.0
32 2026-01-01     0.18   73033.0      7.5
33 2026-02-01     0.25   74178.4      3.8
34 2026-03-01     0.15   97109.6      5.2
35 2026-04-01     0.16  129362.9      2.3
2026-05-06 03:55:18.011 | INFO     | __main__:fetch_cnrt:16 - Descargando CNRT — magnitudes por ruta...
2026-05-06 03:55:18.284 | INFO     | __main__:fetch_cnrt:24 - Total filas raw: 4163 → filtrado NOA+pares: 559
2026-05-06 03:55:18.436 | SUCCESS  | __main__:fetch_cnrt:37 - DuckDB: raw_cnrt_pares → 559 filas
indice_tiempo
2019    3998308
2020    1188002
2021    2128933
2022    3636446
2023    3548469
2024    2558636
Name: pasajeros, dtype: int64
/Users/diegocarralbal/observatorio-turismo/.venv/lib/python3.9/site-packages/urllib3/__init__.py:35: NotOpenSSLWarning: urllib3 v2 only supports OpenSSL 1.1.1+, currently the 'ssl' module is compiled with 'LibreSSL 2.8.3'. See: https://github.com/urllib3/urllib3/issues/3020
  warnings.warn(
2026-05-06 03:55:19.414 | INFO     | __main__:fetch_ipc:15 - Descargando IPC por capítulos...
2026-05-06 03:55:20.094 | SUCCESS  | __main__:fetch_ipc:43 - DuckDB: raw_ipc_capitulos → 112 meses
2026-05-06 03:55:20.095 | INFO     | __main__:fetch_ipc:44 - IPC Restaurantes/Hoteles nacional: 13684.7 (2026-03)
    indice_tiempo  ipc_restaurantes_hoteles_nacional  ipc_restaurantes_hoteles_noa  ipc_alimentos_bebidas_no_alcoholicas_nacional  ipc_transporte_nacional
106    2025-10-01                         11665.8824                    12372.2614                                     10136.6605                9997.0294
107    2025-11-01                         11952.2159                    12403.6217                                     10421.9128               10299.7148
108    2025-12-01                         12333.0229                    12619.7848                                     10748.4071               10712.0821
109    2026-01-01                         12843.2705                    13002.6597                                     11251.1166               10909.2325
110    2026-02-01                         13228.6515                    13486.7770                                     11624.9808               11124.8788
111    2026-03-01                         13684.7468                    13963.5707                                     12014.7000               11583.9560
2026-05-06 03:55:21.018 | INFO     | __main__:fetch_eti:20 - Descargando ETI — receptivo...
2026-05-06 03:55:21.303 | INFO     | __main__:fetch_eti:22 -   Columnas: ['indice_tiempo', 'medio_de_transporte', 'pais_origen', 'viajes_de_turistas_no_residentes', 'observaciones']
2026-05-06 03:55:21.345 | SUCCESS  | __main__:fetch_eti:30 -   raw_eti_receptivo → 5265 filas
2026-05-06 03:55:21.345 | INFO     | __main__:fetch_eti:20 - Descargando ETI — emisivo...
2026-05-06 03:55:21.538 | INFO     | __main__:fetch_eti:22 -   Columnas: ['indice_tiempo', 'medio_de_transporte', 'pais_destino', 'viajes_de_turistas_residentes', 'observaciones']
2026-05-06 03:55:21.549 | SUCCESS  | __main__:fetch_eti:30 -   raw_eti_emisivo → 3321 filas
2026-05-06 03:55:21.549 | INFO     | __main__:fetch_eti:20 - Descargando ETI — balanza...
2026-05-06 03:55:21.814 | INFO     | __main__:fetch_eti:22 -   Columnas: ['indice_tiempo', 'medio_de_transporte', 'pais', 'balanza', 'observaciones']
2026-05-06 03:55:21.827 | SUCCESS  | __main__:fetch_eti:30 -   raw_eti_balanza → 3321 filas
2026-05-06 03:55:21.828 | INFO     | __main__:fetch_eti:20 - Descargando ETI — serie_mensual...
2026-05-06 03:55:21.997 | INFO     | __main__:fetch_eti:22 -   Columnas: ['indice_tiempo', 'emisivo_aerea_bolivia', 'emisivo_aerea_europa', 'emisivo_aerea_chile', 'emisivo_aerea_paraguay', 'emisivo_aerea_brasil', 'emisivo_aerea_ee_uu_y_canada', 'emisivo_aerea_resto_de_america', 'emisivo_aerea_resto_del_mundo', 'emisivo_aerea_uruguay', 'emisivo_terrestre_bolivia', 'emisivo_terrestre_europa', 'emisivo_terrestre_chile', 'emisivo_terrestre_paraguay', 'emisivo_terrestre_brasil', 'emisivo_terrestre_ee_uu_y_canada', 'emisivo_terrestre_resto_de_america', 'emisivo_terrestre_resto_del_mundo', 'emisivo_terrestre_uruguay', 'emisivo_fluvial_maritima_bolivia', 'emisivo_fluvial_maritima_europa', 'emisivo_fluvial_maritima_chile', 'emisivo_fluvial_maritima_paraguay', 'emisivo_fluvial_maritima_brasil', 'emisivo_fluvial_maritima_ee_uu_y_canada', 'emisivo_fluvial_maritima_resto_de_america', 'emisivo_fluvial_maritima_resto_del_mundo', 'emisivo_fluvial_maritima_uruguay', 'receptivo_aerea_bolivia', 'receptivo_aerea_europa', 'receptivo_aerea_chile', 'receptivo_aerea_paraguay', 'receptivo_aerea_brasil', 'receptivo_aerea_ee_uu_y_canada', 'receptivo_aerea_resto_de_america', 'receptivo_aerea_resto_del_mundo', 'receptivo_aerea_uruguay', 'receptivo_terrestre_bolivia', 'receptivo_terrestre_europa', 'receptivo_terrestre_chile', 'receptivo_terrestre_paraguay', 'receptivo_terrestre_brasil', 'receptivo_terrestre_ee_uu_y_canada', 'receptivo_terrestre_resto_de_america', 'receptivo_terrestre_resto_del_mundo', 'receptivo_terrestre_uruguay', 'receptivo_fluvial_maritima_bolivia', 'receptivo_fluvial_maritima_europa', 'receptivo_fluvial_maritima_chile', 'receptivo_fluvial_maritima_paraguay', 'receptivo_fluvial_maritima_brasil', 'receptivo_fluvial_maritima_ee_uu_y_canada', 'receptivo_fluvial_maritima_resto_de_america', 'receptivo_fluvial_maritima_resto_del_mundo', 'receptivo_fluvial_maritima_uruguay', 'balanza_aerea_bolivia', 'balanza_aerea_europa', 'balanza_aerea_chile', 'balanza_aerea_paraguay', 'balanza_aerea_brasil', 'balanza_aerea_ee_uu_y_canada', 'balanza_aerea_resto_de_america', 'balanza_aerea_resto_del_mundo', 'balanza_aerea_uruguay', 'balanza_terrestre_bolivia', 'balanza_terrestre_europa', 'balanza_terrestre_chile', 'balanza_terrestre_paraguay', 'balanza_terrestre_brasil', 'balanza_terrestre_ee_uu_y_canada', 'balanza_terrestre_resto_de_america', 'balanza_terrestre_resto_del_mundo', 'balanza_terrestre_uruguay', 'balanza_fluvial_maritima_bolivia', 'balanza_fluvial_maritima_europa', 'balanza_fluvial_maritima_chile', 'balanza_fluvial_maritima_paraguay', 'balanza_fluvial_maritima_brasil', 'balanza_fluvial_maritima_ee_uu_y_canada', 'balanza_fluvial_maritima_resto_de_america', 'balanza_fluvial_maritima_resto_del_mundo', 'balanza_fluvial_maritima_uruguay']
2026-05-06 03:55:22.028 | SUCCESS  | __main__:fetch_eti:30 -   raw_eti_serie_mensual → 123 filas
/Users/diegocarralbal/observatorio-turismo/.venv/lib/python3.9/site-packages/urllib3/__init__.py:35: NotOpenSSLWarning: urllib3 v2 only supports OpenSSL 1.1.1+, currently the 'ssl' module is compiled with 'LibreSSL 2.8.3'. See: https://github.com/urllib3/urllib3/issues/3020
  warnings.warn(
2026-05-06 03:55:23.067 | INFO     | __main__:fetch_youtube:59 - Descargando datos YouTube — recientes + históricos...
2026-05-06 03:55:23.067 | INFO     | __main__:fetch_youtube:63 -   [reciente] 'Termas de Río Hondo turismo' (order=date)...
2026-05-06 03:55:24.024 | INFO     | __main__:fetch_youtube:63 -   [reciente] 'Termas de Río Hondo hotel' (order=date)...
2026-05-06 03:55:25.019 | INFO     | __main__:fetch_youtube:63 -   [reciente] 'Santiago del Estero turismo' (order=date)...
2026-05-06 03:55:26.041 | INFO     | __main__:fetch_youtube:63 -   [reciente] 'MotoGP Termas Argentina' (order=date)...
2026-05-06 03:55:26.937 | INFO     | __main__:fetch_youtube:63 -   [reciente] 'Termas de Río Hondo 2026' (order=date)...
2026-05-06 03:55:27.815 | INFO     | __main__:fetch_youtube:63 -   [historico] 'Termas de Río Hondo' (order=viewCount)...
2026-05-06 03:55:28.634 | INFO     | __main__:fetch_youtube:63 -   [historico] 'MotoGP Argentina Termas' (order=viewCount)...
2026-05-06 03:55:29.421 | INFO     | __main__:fetch_youtube:63 -   [historico] 'Termas Río Hondo MotoGP 2014' (order=viewCount)...
2026-05-06 03:55:30.137 | INFO     | __main__:fetch_youtube:63 -   [historico] 'Termas Río Hondo MotoGP 2015' (order=viewCount)...
2026-05-06 03:55:31.120 | INFO     | __main__:fetch_youtube:63 -   [historico] 'Termas Río Hondo MotoGP 2019' (order=viewCount)...
2026-05-06 03:55:31.975 | INFO     | __main__:fetch_youtube:63 -   [historico] 'Santiago del Estero viaje' (order=viewCount)...
2026-05-06 03:55:32.826 | INFO     | __main__:fetch_youtube:63 -   [historico] 'turismo termal Argentina' (order=viewCount)...
2026-05-06 03:55:34.028 | SUCCESS  | __main__:fetch_youtube:112 - DuckDB: raw_youtube_sde → 520 videos únicos

Total: 520 videos únicos
Período: 2009 → 2026

Top 10 por vistas:
                                                                                      titulo                    canal    vistas fecha_publi        tag
500                                SANTIAGO DEL ESTERO ME ESTA LLAMANDO....HONDO SENTIMIENTO             kike enrique  16357736  2017-08-19  historico
300                                                      2015 #ArgentinaGP | Vintage MotoGP™                   MotoGP   3472715  2020-06-01  historico
451             [MOTOGP 2018] Chặng 2 tại trường đua Termas de Río Hondo Circuit (Argentina)  Honda Việt Nam Official   2330463  2018-04-17  historico
301                                                           MotoGP™ Rewind: Argentina 2014                   MotoGP   2105540  2014-05-01  historico
302                                Termas Clash: Marquez and Rossi, the clash of the titans!                   MotoGP   2096498  2018-04-09  historico
303                    Moto GP Argentina | Marquez butta giù Rossi e poi va a chiedere scusa           Life Is A Show   1913715  2018-04-08  historico
304                                                   MotoGP Rewind: A recap of #ArgentinaGP                   MotoGP   1761989  2015-04-28  historico
502  Hacemos un viaje en Autobús de Chile a Argentina y… 🇨🇱🇦🇷 #viajes #autobus #curiosidades         Gemelos Viajeros   1713001  2024-03-24  historico
501                                   Así es VIVIR MONTE ADENTRO en Santiago del Estero 2025           Soy mi TIERRA    1559177  2025-03-15  historico
305                                                    MotoGP™ Full Race | 2018 #ArgentinaGP                   MotoGP   1544205  2022-03-30  historico

Por tag:
tag
historico    296
reciente     224
Name: video_id, dtype: int64
2026-05-06 03:55:34.957 | INFO     | __main__:fetch_evyth:27 - Descargando EVyTH — destino...
2026-05-06 03:55:35.152 | SUCCESS  | __main__:fetch_evyth:37 -   raw_evyth_destino → 400 filas · cols: ['indice_tiempo', 'region_destino', 'turistas']
2026-05-06 03:55:35.153 | INFO     | __main__:fetch_evyth:27 - Descargando EVyTH — origen...
2026-05-06 03:55:35.330 | SUCCESS  | __main__:fetch_evyth:37 -   raw_evyth_origen → 400 filas · cols: ['indice_tiempo', 'region_origen', 'turistas']
2026-05-06 03:55:35.330 | INFO     | __main__:fetch_evyth:27 - Descargando EVyTH — motivo...
2026-05-06 03:55:35.487 | SUCCESS  | __main__:fetch_evyth:37 -   raw_evyth_motivo → 200 filas · cols: ['indice_tiempo', 'motivo', 'turistas']
2026-05-06 03:55:35.487 | INFO     | __main__:fetch_evyth:27 - Descargando EVyTH — alojamiento...
2026-05-06 03:55:35.645 | SUCCESS  | __main__:fetch_evyth:37 -   raw_evyth_alojamiento → 348 filas · cols: ['indice_tiempo', 'tipo_alojamiento', 'turistas']
2026-05-06 03:55:35.645 | INFO     | __main__:fetch_evyth:27 - Descargando EVyTH — edad...
2026-05-06 03:55:35.786 | SUCCESS  | __main__:fetch_evyth:37 -   raw_evyth_edad → 251 filas · cols: ['indice_tiempo', 'edad', 'turistas']
2026-05-06 03:55:35.787 | INFO     | __main__:fetch_evyth:27 - Descargando EVyTH — sexo...
2026-05-06 03:55:35.924 | SUCCESS  | __main__:fetch_evyth:37 -   raw_evyth_sexo → 100 filas · cols: ['indice_tiempo', 'sexo', 'turistas']
2026-05-06 03:55:35.924 | INFO     | __main__:fetch_evyth:27 - Descargando EVyTH — transporte...
2026-05-06 03:55:36.059 | SUCCESS  | __main__:fetch_evyth:37 -   raw_evyth_transporte → 200 filas · cols: ['indice_tiempo', 'tipo_transporte', 'turistas']
2026-05-06 03:55:36.059 | INFO     | __main__:fetch_evyth:27 - Descargando EVyTH — quintil...
2026-05-06 03:55:36.190 | SUCCESS  | __main__:fetch_evyth:37 -   raw_evyth_quintil → 150 filas · cols: ['indice_tiempo', 'quintil', 'turistas']
2026-05-06 03:55:36.191 | INFO     | __main__:fetch_evyth:27 - Descargando EVyTH — gasto_destino...
2026-05-06 03:55:36.338 | SUCCESS  | __main__:fetch_evyth:37 -   raw_evyth_gasto_destino → 400 filas · cols: ['indice_tiempo', 'region_destino', 'gasto_promedio']
2026-05-06 03:55:36.338 | INFO     | __main__:fetch_evyth:27 - Descargando EVyTH — estadia_destino...
2026-05-06 03:55:36.471 | SUCCESS  | __main__:fetch_evyth:37 -   raw_evyth_estadia_destino → 400 filas · cols: ['indice_tiempo', 'region_destino', 'estadia_media']
2026-05-06 03:55:36.471 | INFO     | __main__:fetch_evyth:27 - Descargando EVyTH — serie_trimestral...
2026-05-06 03:55:36.664 | SUCCESS  | __main__:fetch_evyth:37 -   raw_evyth_serie_trimestral → 50 filas · cols: ['indice_tiempo', 'destino_caba', 'destino_cordoba', 'destino_cuyo']
/Users/diegocarralbal/observatorio-turismo/.venv/lib/python3.9/site-packages/urllib3/__init__.py:35: NotOpenSSLWarning: urllib3 v2 only supports OpenSSL 1.1.1+, currently the 'ssl' module is compiled with 'LibreSSL 2.8.3'. See: https://github.com/urllib3/urllib3/issues/3020
  warnings.warn(
2026-05-06 03:55:37.765 | INFO     | __main__:fetch_eoh:23 - Descargando viajeros_localidad...
2026-05-06 03:55:38.284 | SUCCESS  | __main__:fetch_eoh:32 -   raw_eoh_viajeros_localidad → 14064 filas
2026-05-06 03:55:38.285 | INFO     | __main__:fetch_eoh:23 - Descargando pernoctes_localidad...
2026-05-06 03:55:38.612 | SUCCESS  | __main__:fetch_eoh:32 -   raw_eoh_pernoctes_localidad → 14064 filas
2026-05-06 03:55:38.612 | INFO     | __main__:fetch_eoh:23 - Descargando estadia_destino...
2026-05-06 03:55:38.830 | SUCCESS  | __main__:fetch_eoh:32 -   raw_eoh_estadia_destino → 4767 filas
2026-05-06 03:55:38.831 | INFO     | __main__:fetch_eoh:23 - Descargando toh_region_categoria...
2026-05-06 03:55:39.145 | SUCCESS  | __main__:fetch_eoh:32 -   raw_eoh_toh_region_categoria → 5845 filas
2026-05-06 03:55:39.259 | SUCCESS  | __main__:fetch_eoh:35 - EOH completo en DuckDB
/Users/diegocarralbal/observatorio-turismo/.venv/lib/python3.9/site-packages/urllib3/__init__.py:35: NotOpenSSLWarning: urllib3 v2 only supports OpenSSL 1.1.1+, currently the 'ssl' module is compiled with 'LibreSSL 2.8.3'. See: https://github.com/urllib3/urllib3/issues/3020
  warnings.warn(
2026-05-06 03:55:40.250 | INFO     | __main__:download:25 - Descargando xlsx OEDE empleo trimestral...
2026-05-06 03:55:40.881 | SUCCESS  | __main__:download:29 -   Descargado: data/raw/sipa/sipa_empleo_trimestral_2dig.xlsx (1487 KB)
2026-05-06 03:55:41.504 | INFO     | __main__:load:63 - Procesando 25 provincias...
2026-05-06 03:55:41.581 | SUCCESS  | __main__:load:69 -   Partidos de GBA: 75 trimestres · último: 2025-T3 = 52157
2026-05-06 03:55:41.656 | SUCCESS  | __main__:load:69 -   Capital Federal: 75 trimestres · último: 2025-T3 = 99391
2026-05-06 03:55:41.785 | SUCCESS  | __main__:load:69 -   Resto de Buenos Aires: 75 trimestres · último: 2025-T3 = 36275
2026-05-06 03:55:41.861 | SUCCESS  | __main__:load:69 -   Catamarca: 75 trimestres · último: 2025-T3 = 1548
2026-05-06 03:55:41.935 | SUCCESS  | __main__:load:69 -   Cordoba: 75 trimestres · último: 2025-T3 = 21985
2026-05-06 03:55:42.008 | SUCCESS  | __main__:load:69 -   Corrientes: 75 trimestres · último: 2025-T3 = 3710
2026-05-06 03:55:42.083 | SUCCESS  | __main__:load:69 -   Chaco: 75 trimestres · último: 2025-T3 = 1335
2026-05-06 03:55:42.208 | SUCCESS  | __main__:load:69 -   Chubut: 75 trimestres · último: 2025-T3 = 3502
2026-05-06 03:55:42.283 | SUCCESS  | __main__:load:69 -   Entre Rios: 75 trimestres · último: 2025-T3 = 3954
2026-05-06 03:55:42.357 | SUCCESS  | __main__:load:69 -   Formosa: 75 trimestres · último: 2025-T3 = 767
2026-05-06 03:55:42.430 | SUCCESS  | __main__:load:69 -   Jujuy: 75 trimestres · último: 2025-T3 = 1918
2026-05-06 03:55:42.555 | SUCCESS  | __main__:load:69 -   La Pampa: 75 trimestres · último: 2025-T3 = 1046
2026-05-06 03:55:42.629 | SUCCESS  | __main__:load:69 -   La Rioja: 75 trimestres · último: 2025-T3 = 1100
2026-05-06 03:55:42.702 | SUCCESS  | __main__:load:69 -   Mendoza: 75 trimestres · último: 2025-T3 = 13162
2026-05-06 03:55:42.774 | SUCCESS  | __main__:load:69 -   Misiones: 75 trimestres · último: 2025-T3 = 4273
2026-05-06 03:55:42.899 | SUCCESS  | __main__:load:69 -   Neuquen: 75 trimestres · último: 2025-T3 = 9669
2026-05-06 03:55:42.973 | SUCCESS  | __main__:load:69 -   Rio Negro: 75 trimestres · último: 2025-T3 = 9809
2026-05-06 03:55:43.047 | SUCCESS  | __main__:load:69 -   Salta: 75 trimestres · último: 2025-T3 = 6003
2026-05-06 03:55:43.122 | SUCCESS  | __main__:load:69 -   San Juan: 75 trimestres · último: 2025-T3 = 2691
2026-05-06 03:55:43.248 | SUCCESS  | __main__:load:69 -   San Luis: 75 trimestres · último: 2025-T3 = 1765
2026-05-06 03:55:43.329 | SUCCESS  | __main__:load:69 -   Santa Cruz: 75 trimestres · último: 2025-T3 = 4143
2026-05-06 03:55:43.407 | SUCCESS  | __main__:load:69 -   Santa Fe: 75 trimestres · último: 2025-T3 = 15022
2026-05-06 03:55:43.480 | SUCCESS  | __main__:load:69 -   Santiago del Estero: 75 trimestres · último: 2025-T3 = 3387
2026-05-06 03:55:43.604 | SUCCESS  | __main__:load:69 -   Tucuman: 75 trimestres · último: 2025-T3 = 5234
2026-05-06 03:55:43.678 | SUCCESS  | __main__:load:69 -   Tierra del Fuego: 75 trimestres · último: 2025-T3 = 3161
2026-05-06 03:55:43.828 | SUCCESS  | __main__:load:78 - DuckDB: raw_sipa_empleo_trimestral_hyg → 1875 filas · último período: 2025-T3
                provincia  anio  trimestre  periodo  empleo_hyg
1719  Santiago del Estero  2024          2  2024-T2        3067
1720  Santiago del Estero  2024          3  2024-T3        3358
1721  Santiago del Estero  2024          4  2024-T4        3026
1722  Santiago del Estero  2025          1  2025-T1        3012
1723  Santiago del Estero  2025          2  2025-T2        3145
1724  Santiago del Estero  2025          3  2025-T3        3387
       fecha            localidad  viajeros  viajeros_ic_low  viajeros_ic_high        fuente
0 2025-12-01               Termas     20673             9751             31594  ESTIMADO_OLS
1 2026-01-01               Termas     17738             6816             28659  ESTIMADO_OLS
2 2026-02-01               Termas     15350             4428             26271  ESTIMADO_OLS
3 2026-03-01               Termas     14695             3774             25616  ESTIMADO_OLS
4 2025-12-01  Santiago del Estero     16260            13489             19031  ESTIMADO_OLS
5 2026-01-01  Santiago del Estero     15876            13105             18646  ESTIMADO_OLS
6 2026-02-01  Santiago del Estero     16010            13239             18780  ESTIMADO_OLS
7 2026-03-01  Santiago del Estero     16587            13817             19358  ESTIMADO_OLS

Guardado en /tmp/estimados_ols.csv
[main 4ecbabf] data: actualización automática 2026-05-06
 4 files changed, 145 insertions(+), 149 deletions(-)
fatal: could not read Username for 'https://github.com': Device not configured
=== FIN Wed May  6 03:56:01 -03 2026 ===
